{"contracts/Smarts.sol":{"l":{"42":9,"43":9,"44":9,"45":9,"46":9,"47":9,"48":9,"49":9,"51":9,"59":1,"67":1,"71":1,"78":2,"85":14,"89":2,"93":2,"97":5,"101":5,"105":0,"117":3,"118":3,"125":0,"136":3,"137":3,"141":3,"142":3,"143":3,"147":0,"148":0,"152":0,"153":0,"162":1,"177":0,"179":0,"180":0,"185":9,"186":9,"187":9,"188":9,"192":6,"193":6,"195":6,"197":6,"199":6,"201":4,"204":4,"207":4,"208":4,"209":4,"212":4,"215":4,"217":4,"219":4,"220":4,"223":4,"226":4,"227":4,"230":4,"233":2,"234":2,"239":1,"241":1,"242":1,"243":1,"247":6,"248":6,"250":6,"251":6,"257":4,"258":4},"path":"/Users/nytyr/Workspace/solidity/smarts/contracts/Smarts.sol","s":{"1":9,"2":9,"3":9,"4":9,"5":9,"6":9,"7":9,"8":9,"9":9,"10":1,"11":1,"12":1,"13":2,"14":14,"15":2,"16":2,"17":5,"18":5,"19":0,"20":3,"21":3,"22":0,"23":3,"24":3,"25":3,"26":3,"27":3,"28":0,"29":0,"30":0,"31":0,"32":1,"33":0,"34":0,"35":0,"36":9,"37":9,"38":9,"39":9,"40":6,"41":6,"42":6,"43":6,"44":6,"45":4,"46":4,"47":4,"48":4,"49":4,"50":4,"51":4,"52":4,"53":4,"54":4,"55":4,"56":4,"57":4,"58":4,"59":2,"60":2,"61":1,"62":1,"63":1,"64":1,"65":6,"66":6,"67":6,"68":6,"69":4,"70":4},"b":{"1":[6,0],"2":[6,0],"3":[4,2],"4":[1,0],"5":[6,0],"6":[6,0]},"f":{"1":9,"2":1,"3":1,"4":1,"5":2,"6":14,"7":2,"8":2,"9":5,"10":5,"11":0,"12":3,"13":0,"14":3,"15":3,"16":0,"17":0,"18":1,"19":0,"20":9,"21":6,"22":1,"23":6,"24":4},"fnMap":{"1":{"name":"constructor","line":41,"loc":{"start":{"line":41,"column":4},"end":{"line":53,"column":4}}},"2":{"name":"name","line":58,"loc":{"start":{"line":58,"column":4},"end":{"line":60,"column":4}}},"3":{"name":"symbol","line":66,"loc":{"start":{"line":66,"column":4},"end":{"line":68,"column":4}}},"4":{"name":"decimals","line":70,"loc":{"start":{"line":70,"column":4},"end":{"line":72,"column":4}}},"5":{"name":"totalSupply","line":77,"loc":{"start":{"line":77,"column":4},"end":{"line":79,"column":4}}},"6":{"name":"balanceOf","line":84,"loc":{"start":{"line":84,"column":4},"end":{"line":86,"column":4}}},"7":{"name":"setFee","line":88,"loc":{"start":{"line":88,"column":4},"end":{"line":90,"column":4}}},"8":{"name":"setFeeToDistribute","line":92,"loc":{"start":{"line":92,"column":4},"end":{"line":94,"column":4}}},"9":{"name":"changeFeeCollector","line":96,"loc":{"start":{"line":96,"column":4},"end":{"line":98,"column":4}}},"10":{"name":"addAddressForFee","line":100,"loc":{"start":{"line":100,"column":4},"end":{"line":102,"column":4}}},"11":{"name":"removeAddressForFee","line":104,"loc":{"start":{"line":104,"column":4},"end":{"line":106,"column":4}}},"12":{"name":"transfer","line":116,"loc":{"start":{"line":116,"column":4},"end":{"line":119,"column":4}}},"13":{"name":"allowance","line":124,"loc":{"start":{"line":124,"column":4},"end":{"line":126,"column":4}}},"14":{"name":"approve","line":135,"loc":{"start":{"line":135,"column":4},"end":{"line":138,"column":4}}},"15":{"name":"transferFrom","line":140,"loc":{"start":{"line":140,"column":4},"end":{"line":144,"column":4}}},"16":{"name":"increaseAllowance","line":146,"loc":{"start":{"line":146,"column":4},"end":{"line":149,"column":4}}},"17":{"name":"decreaseAllowance","line":151,"loc":{"start":{"line":151,"column":4},"end":{"line":154,"column":4}}},"18":{"name":"burn","line":161,"loc":{"start":{"line":161,"column":4},"end":{"line":163,"column":4}}},"19":{"name":"burnFrom","line":176,"loc":{"start":{"line":176,"column":4},"end":{"line":181,"column":4}}},"20":{"name":"_issue","line":184,"loc":{"start":{"line":184,"column":4},"end":{"line":189,"column":4}}},"21":{"name":"_transfer","line":191,"loc":{"start":{"line":191,"column":4},"end":{"line":236,"column":4}}},"22":{"name":"_burn","line":238,"loc":{"start":{"line":238,"column":4},"end":{"line":244,"column":4}}},"23":{"name":"_approve","line":246,"loc":{"start":{"line":246,"column":4},"end":{"line":252,"column":4}}},"24":{"name":"adjust","line":254,"loc":{"start":{"line":254,"column":4},"end":{"line":259,"column":4}}}},"statementMap":{"1":{"start":{"line":42,"column":8},"end":{"line":42,"column":31}},"2":{"start":{"line":43,"column":8},"end":{"line":43,"column":23}},"3":{"start":{"line":44,"column":8},"end":{"line":44,"column":34}},"4":{"start":{"line":45,"column":8},"end":{"line":45,"column":17}},"5":{"start":{"line":46,"column":8},"end":{"line":46,"column":29}},"6":{"start":{"line":47,"column":8},"end":{"line":47,"column":51}},"7":{"start":{"line":48,"column":8},"end":{"line":48,"column":36}},"8":{"start":{"line":49,"column":8},"end":{"line":49,"column":56}},"9":{"start":{"line":51,"column":8},"end":{"line":51,"column":77}},"10":{"start":{"line":59,"column":8},"end":{"line":59,"column":20}},"11":{"start":{"line":67,"column":8},"end":{"line":67,"column":22}},"12":{"start":{"line":71,"column":8},"end":{"line":71,"column":24}},"13":{"start":{"line":78,"column":8},"end":{"line":78,"column":27}},"14":{"start":{"line":85,"column":8},"end":{"line":85,"column":55}},"15":{"start":{"line":89,"column":8},"end":{"line":89,"column":20}},"16":{"start":{"line":93,"column":8},"end":{"line":93,"column":32}},"17":{"start":{"line":97,"column":8},"end":{"line":97,"column":28}},"18":{"start":{"line":101,"column":8},"end":{"line":101,"column":37}},"19":{"start":{"line":105,"column":8},"end":{"line":105,"column":38}},"20":{"start":{"line":117,"column":8},"end":{"line":117,"column":49}},"21":{"start":{"line":118,"column":8},"end":{"line":118,"column":19}},"22":{"start":{"line":125,"column":8},"end":{"line":125,"column":42}},"23":{"start":{"line":136,"column":8},"end":{"line":136,"column":46}},"24":{"start":{"line":137,"column":8},"end":{"line":137,"column":19}},"25":{"start":{"line":141,"column":8},"end":{"line":141,"column":43}},"26":{"start":{"line":142,"column":8},"end":{"line":142,"column":128}},"27":{"start":{"line":143,"column":8},"end":{"line":143,"column":19}},"28":{"start":{"line":147,"column":8},"end":{"line":147,"column":90}},"29":{"start":{"line":148,"column":8},"end":{"line":148,"column":19}},"30":{"start":{"line":152,"column":8},"end":{"line":152,"column":136}},"31":{"start":{"line":153,"column":8},"end":{"line":153,"column":19}},"32":{"start":{"line":162,"column":8},"end":{"line":162,"column":34}},"33":{"start":{"line":177,"column":8},"end":{"line":177,"column":121}},"34":{"start":{"line":179,"column":8},"end":{"line":179,"column":58}},"35":{"start":{"line":180,"column":8},"end":{"line":180,"column":29}},"36":{"start":{"line":185,"column":8},"end":{"line":185,"column":65}},"37":{"start":{"line":186,"column":8},"end":{"line":186,"column":47}},"38":{"start":{"line":187,"column":8},"end":{"line":187,"column":39}},"39":{"start":{"line":188,"column":8},"end":{"line":188,"column":54}},"40":{"start":{"line":192,"column":8},"end":{"line":192,"column":77}},"41":{"start":{"line":193,"column":8},"end":{"line":193,"column":78}},"42":{"start":{"line":195,"column":8},"end":{"line":195,"column":54}},"43":{"start":{"line":197,"column":8},"end":{"line":197,"column":98}},"44":{"start":{"line":199,"column":8},"end":{"line":199,"column":6480}},"45":{"start":{"line":201,"column":12},"end":{"line":201,"column":60}},"46":{"start":{"line":204,"column":12},"end":{"line":204,"column":57}},"47":{"start":{"line":207,"column":12},"end":{"line":207,"column":66}},"48":{"start":{"line":208,"column":12},"end":{"line":208,"column":69}},"49":{"start":{"line":209,"column":12},"end":{"line":209,"column":58}},"50":{"start":{"line":212,"column":12},"end":{"line":212,"column":80}},"51":{"start":{"line":215,"column":12},"end":{"line":215,"column":71}},"52":{"start":{"line":217,"column":12},"end":{"line":217,"column":78}},"53":{"start":{"line":219,"column":12},"end":{"line":219,"column":85}},"54":{"start":{"line":220,"column":12},"end":{"line":220,"column":69}},"55":{"start":{"line":223,"column":12},"end":{"line":223,"column":74}},"56":{"start":{"line":226,"column":12},"end":{"line":226,"column":80}},"57":{"start":{"line":227,"column":12},"end":{"line":227,"column":64}},"58":{"start":{"line":230,"column":12},"end":{"line":230,"column":34}},"59":{"start":{"line":233,"column":12},"end":{"line":233,"column":66}},"60":{"start":{"line":234,"column":12},"end":{"line":234,"column":53}},"61":{"start":{"line":239,"column":8},"end":{"line":239,"column":74}},"62":{"start":{"line":241,"column":8},"end":{"line":241,"column":118}},"63":{"start":{"line":242,"column":8},"end":{"line":242,"column":46}},"64":{"start":{"line":243,"column":8},"end":{"line":243,"column":50}},"65":{"start":{"line":247,"column":8},"end":{"line":247,"column":75}},"66":{"start":{"line":248,"column":8},"end":{"line":248,"column":75}},"67":{"start":{"line":250,"column":8},"end":{"line":250,"column":43}},"68":{"start":{"line":251,"column":8},"end":{"line":251,"column":45}},"69":{"start":{"line":257,"column":8},"end":{"line":257,"column":53}},"70":{"start":{"line":258,"column":8},"end":{"line":258,"column":56}}},"branchMap":{"1":{"line":192,"type":"if","locations":[{"start":{"line":192,"column":8},"end":{"line":192,"column":8}},{"start":{"line":192,"column":8},"end":{"line":192,"column":8}}]},"2":{"line":193,"type":"if","locations":[{"start":{"line":193,"column":8},"end":{"line":193,"column":8}},{"start":{"line":193,"column":8},"end":{"line":193,"column":8}}]},"3":{"line":199,"type":"if","locations":[{"start":{"line":199,"column":8},"end":{"line":199,"column":8}},{"start":{"line":199,"column":8},"end":{"line":199,"column":8}}]},"4":{"line":239,"type":"if","locations":[{"start":{"line":239,"column":8},"end":{"line":239,"column":8}},{"start":{"line":239,"column":8},"end":{"line":239,"column":8}}]},"5":{"line":247,"type":"if","locations":[{"start":{"line":247,"column":8},"end":{"line":247,"column":8}},{"start":{"line":247,"column":8},"end":{"line":247,"column":8}}]},"6":{"line":248,"type":"if","locations":[{"start":{"line":248,"column":8},"end":{"line":248,"column":8}},{"start":{"line":248,"column":8},"end":{"line":248,"column":8}}]}}}}