TN:
SF:/Users/nytyr/Workspace/solidity/smarts/contracts/Smarts.sol
FN:41,constructor
FN:58,name
FN:66,symbol
FN:70,decimals
FN:77,totalSupply
FN:84,balanceOf
FN:88,setFee
FN:92,setFeeToDistribute
FN:96,changeFeeCollector
FN:100,addAddressForFee
FN:104,removeAddressForFee
FN:116,transfer
FN:124,allowance
FN:135,approve
FN:140,transferFrom
FN:146,increaseAllowance
FN:151,decreaseAllowance
FN:161,burn
FN:176,burnFrom
FN:184,_issue
FN:191,_transfer
FN:238,_burn
FN:246,_approve
FN:254,adjust
FNF:24
FNH:19
FNDA:9,constructor
FNDA:1,name
FNDA:1,symbol
FNDA:1,decimals
FNDA:2,totalSupply
FNDA:14,balanceOf
FNDA:2,setFee
FNDA:2,setFeeToDistribute
FNDA:5,changeFeeCollector
FNDA:5,addAddressForFee
FNDA:0,removeAddressForFee
FNDA:3,transfer
FNDA:0,allowance
FNDA:3,approve
FNDA:3,transferFrom
FNDA:0,increaseAllowance
FNDA:0,decreaseAllowance
FNDA:1,burn
FNDA:0,burnFrom
FNDA:9,_issue
FNDA:6,_transfer
FNDA:1,_burn
FNDA:6,_approve
FNDA:4,adjust
DA:42,9
DA:43,9
DA:44,9
DA:45,9
DA:46,9
DA:47,9
DA:48,9
DA:49,9
DA:51,9
DA:59,1
DA:67,1
DA:71,1
DA:78,2
DA:85,14
DA:89,2
DA:93,2
DA:97,5
DA:101,5
DA:105,0
DA:117,3
DA:118,3
DA:125,0
DA:136,3
DA:137,3
DA:141,3
DA:142,3
DA:143,3
DA:147,0
DA:148,0
DA:152,0
DA:153,0
DA:162,1
DA:177,0
DA:179,0
DA:180,0
DA:185,9
DA:186,9
DA:187,9
DA:188,9
DA:192,6
DA:193,6
DA:195,6
DA:197,6
DA:199,6
DA:201,4
DA:204,4
DA:207,4
DA:208,4
DA:209,4
DA:212,4
DA:215,4
DA:217,4
DA:219,4
DA:220,4
DA:223,4
DA:226,4
DA:227,4
DA:230,4
DA:233,2
DA:234,2
DA:239,1
DA:241,1
DA:242,1
DA:243,1
DA:247,6
DA:248,6
DA:250,6
DA:251,6
DA:257,4
DA:258,4
LF:70
LH:61
BRDA:192,1,0,6
BRDA:192,1,1,0
BRDA:193,2,0,6
BRDA:193,2,1,0
BRDA:199,3,0,4
BRDA:199,3,1,2
BRDA:239,4,0,1
BRDA:239,4,1,0
BRDA:247,5,0,6
BRDA:247,5,1,0
BRDA:248,6,0,6
BRDA:248,6,1,0
BRF:12
BRH:7
end_of_record
